{
  "RSpec": {
    "coverage": {
      "/home/adrien/Projects/ruby/vending-machine/spec/features/user_stories_spec.rb": [
        1,
        null,
        1,
        null,
        null,
        null,
        7,
        7,
        null,
        1,
        1,
        2,
        null,
        null,
        null,
        null,
        null,
        null,
        null,
        null,
        1,
        1,
        1,
        1,
        1,
        2,
        null,
        null,
        null,
        null,
        null,
        1,
        1,
        1,
        1,
        1,
        2,
        null,
        null,
        null,
        null,
        2,
        null,
        null,
        null,
        null,
        null,
        1,
        1,
        1,
        1,
        1,
        2,
        null,
        null,
        null,
        null,
        1,
        1,
        1,
        2,
        null,
        null,
        null,
        null,
        null,
        null,
        null,
        1,
        1,
        1,
        1,
        1,
        2,
        null,
        null,
        null,
        null,
        null,
        null,
        null,
        1,
        1,
        1,
        1,
        1,
        2,
        null,
        null,
        null,
        null,
        null,
        null,
        null
      ],
      "/home/adrien/Projects/ruby/vending-machine/spec/interface_spec.rb": [
        1,
        null,
        1,
        null,
        1,
        null,
        null,
        null,
        5,
        null,
        1,
        1,
        2,
        null,
        null,
        null,
        null,
        null,
        null,
        null,
        null,
        1,
        1,
        1,
        1,
        2,
        null,
        null,
        null,
        null,
        null,
        1,
        1,
        1,
        1,
        2,
        null,
        null,
        null,
        null,
        null,
        1,
        1,
        1,
        1,
        2,
        null,
        null,
        null,
        null,
        null,
        null,
        null
      ],
      "/home/adrien/Projects/ruby/vending-machine/lib/interface.rb": [
        1,
        1,
        2,
        4,
        null,
        null,
        null,
        1,
        10,
        null,
        10,
        4,
        null,
        4,
        null,
        2,
        null,
        null,
        null,
        1,
        null,
        1,
        10,
        null,
        null
      ],
      "/home/adrien/Projects/ruby/vending-machine/spec/vending_machine_spec.rb": [
        1,
        null,
        1,
        null,
        1,
        null,
        null,
        null,
        5,
        5,
        null,
        1,
        1,
        1,
        1,
        null,
        null,
        null,
        1,
        1,
        1,
        1,
        1,
        1,
        1,
        null,
        null,
        null,
        1,
        1,
        1,
        1,
        1,
        1,
        1,
        null,
        null,
        null,
        1,
        1,
        1,
        1,
        1,
        1,
        1,
        null,
        null,
        null
      ],
      "/home/adrien/Projects/ruby/vending-machine/lib/vending_machine.rb": [
        1,
        1,
        null,
        1,
        10,
        10,
        10,
        10,
        null,
        null,
        1,
        2,
        2,
        null,
        null,
        1,
        9,
        9,
        18,
        9,
        9,
        null,
        null,
        null,
        null,
        1,
        10,
        10,
        10,
        null,
        null,
        1,
        null,
        1,
        10,
        9,
        1,
        1,
        null,
        null,
        null
      ]
    },
    "timestamp": 1563222679
  }
}
