{
  "RSpec": {
    "coverage": {
      "/home/adrien/Projects/ruby/vending-machine/spec/display_spec.rb": [
        1,
        null,
        1,
        null,
        1,
        null,
        null,
        null,
        null,
        5,
        null,
        1,
        1,
        2,
        null,
        null,
        null,
        null,
        null,
        null,
        1,
        1,
        1,
        1,
        2,
        null,
        null,
        null,
        null,
        1,
        1,
        1,
        1,
        2,
        null,
        null,
        null,
        null,
        1,
        1,
        1,
        1,
        2,
        null,
        null,
        null,
        null,
        null,
        null
      ],
      "/home/adrien/Projects/ruby/vending-machine/lib/display.rb": [
        1,
        1,
        2,
        6,
        null,
        6,
        null,
        null,
        null,
        1,
        16,
        16,
        4,
        12,
        8,
        4,
        4,
        null,
        null,
        null,
        1,
        null,
        1,
        18,
        null,
        null
      ],
      "/home/adrien/Projects/ruby/vending-machine/spec/features/user_stories_spec.rb": [
        1,
        null,
        1,
        null,
        1,
        null,
        null,
        null,
        null,
        null,
        1,
        null,
        null,
        null,
        null,
        null,
        null,
        null,
        null,
        null,
        null,
        1,
        null,
        null,
        null,
        null,
        null,
        null,
        null,
        null,
        null,
        8,
        8,
        1,
        7,
        null,
        null,
        null,
        null,
        null,
        null,
        null,
        null,
        1,
        1,
        2,
        null,
        null,
        null,
        null,
        null,
        null,
        1,
        1,
        1,
        2,
        null,
        null,
        null,
        null,
        1,
        1,
        1,
        2,
        null,
        null,
        null,
        2,
        null,
        null,
        null,
        null,
        1,
        1,
        1,
        2,
        null,
        null,
        null,
        2,
        null,
        null,
        null,
        2,
        null,
        null,
        null,
        null,
        1,
        1,
        1,
        2,
        null,
        null,
        null,
        null,
        null,
        null,
        1,
        1,
        1,
        2,
        null,
        null,
        null,
        2,
        null,
        null,
        null,
        null,
        null,
        1,
        1,
        1,
        2,
        null,
        null,
        null,
        2,
        null,
        null,
        null,
        2,
        null,
        null,
        null,
        null,
        2,
        null,
        null,
        null,
        null,
        null,
        null
      ],
      "/home/adrien/Projects/ruby/vending-machine/lib/dispenser.rb": [
        1,
        1,
        8,
        null,
        null,
        1,
        5,
        null,
        null
      ],
      "/home/adrien/Projects/ruby/vending-machine/spec/vending_machine_spec.rb": [
        1,
        null,
        1,
        null,
        1,
        null,
        null,
        null,
        null,
        null,
        1,
        null,
        null,
        null,
        null,
        null,
        null,
        null,
        null,
        null,
        null,
        1,
        null,
        null,
        null,
        null,
        null,
        null,
        null,
        null,
        null,
        1,
        9,
        null,
        null,
        null,
        null,
        null,
        null,
        null,
        1,
        9,
        null,
        10,
        1,
        1,
        1,
        1,
        null,
        null,
        null,
        1,
        1,
        1,
        1,
        1,
        1,
        null,
        null,
        null,
        1,
        1,
        1,
        1,
        1,
        null,
        null,
        null,
        1,
        1,
        1,
        1,
        1,
        1,
        1,
        1,
        null,
        null,
        null,
        1,
        1,
        1,
        1,
        1,
        1,
        null,
        null,
        null,
        1,
        1,
        1,
        null,
        null,
        null,
        null,
        null,
        null,
        null,
        null,
        null,
        1,
        1,
        1,
        1,
        null,
        null,
        null,
        null,
        null,
        null,
        null,
        null,
        null,
        null,
        null,
        null,
        null,
        1,
        1,
        1,
        null,
        null,
        null,
        null,
        1,
        1,
        1,
        1,
        null,
        null,
        null,
        null,
        null,
        null,
        null,
        null,
        null,
        1,
        1,
        1,
        null,
        null,
        null,
        null,
        null,
        null,
        null,
        null,
        null,
        1,
        null,
        null,
        null,
        null,
        null,
        null,
        null,
        null,
        null,
        null,
        null,
        1,
        null,
        null,
        null,
        null,
        null,
        null,
        null,
        null,
        null,
        null,
        null,
        null,
        null,
        1,
        1,
        1,
        null,
        null,
        null,
        null,
        1,
        null,
        null,
        null,
        null,
        null,
        null,
        null,
        null,
        null
      ],
      "/home/adrien/Projects/ruby/vending-machine/lib/vending_machine.rb": [
        1,
        1,
        1,
        1,
        16,
        16,
        16,
        16,
        16,
        16,
        null,
        null,
        1,
        2,
        2,
        null,
        null,
        1,
        14,
        2,
        2,
        2,
        2,
        null,
        14,
        null,
        null,
        1,
        21,
        21,
        21,
        21,
        21,
        null,
        null,
        1,
        9,
        null,
        null,
        1,
        4,
        null,
        null,
        1,
        null,
        1,
        14,
        42,
        14,
        14,
        null,
        null,
        null,
        null,
        1,
        21,
        null,
        null,
        1,
        21,
        21,
        13,
        null,
        8,
        null,
        null,
        null,
        1,
        9,
        9,
        9,
        null,
        null,
        1,
        7,
        7,
        7,
        56,
        12,
        null,
        12,
        12,
        12,
        null,
        null,
        null,
        null,
        1,
        36,
        null,
        null
      ]
    },
    "timestamp": 1563368492
  }
}
